<?xml version="1.0" encoding="UTF-8"?>
<!-- Generated by org.testng.reporters.JUnitXMLReporter -->
<testsuite hostname="Amruthas-MacBook-Air.local" ignored="0" name="Default test" tests="6" failures="0" timestamp="17 Nov 2019 02:17:51 GMT" time="24.05" errors="0">
  <testcase name="testMethodA" time="3.244" classname="com.datadriven.HalfEbayTest"/>
  <testcase name="testMethodA" time="3.134" classname="com.datadriven.HalfEbayTest"/>
  <testcase name="testMethodA" time="3.146" classname="com.datadriven.HalfEbayTest"/>
  <testcase name="testMethodB" time="3.145" classname="com.datadriven.HalfEbayTest"/>
  <testcase name="testMethodB" time="3.154" classname="com.datadriven.HalfEbayTest"/>
  <testcase name="testMethodB" time="3.155" classname="com.datadriven.HalfEbayTest"/>
</testsuite> <!-- Default test -->
