<?xml version="1.0" encoding="UTF-8"?>
<!-- Generated by org.testng.reporters.JUnitXMLReporter -->
<testsuite hostname="Amruthas-MacBook-Air.local" ignored="0" name="TestNg" tests="14" failures="0" timestamp="18 Oct 2019 06:25:07 GMT" time="9.091" errors="0">
  <testcase name="loginTest" time="0.007" classname="com.TestNg.test.TestNgFeatures"/>
  <testcase name="googleLogoTest" time="0.087" classname="com.TestNg.test.GoogleTilteTest"/>
  <testcase name="googleTitleTest" time="0.042" classname="com.TestNg.test.GoogleTilteTest"/>
  <testcase name="sum" time="0.001" classname="com.TestNg.test.InvocationCountTest"/>
  <testcase name="sum" time="0.001" classname="com.TestNg.test.InvocationCountTest"/>
  <testcase name="sum" time="0.014" classname="com.TestNg.test.InvocationCountTest"/>
  <testcase name="sum" time="0.007" classname="com.TestNg.test.InvocationCountTest"/>
  <testcase name="sum" time="0.002" classname="com.TestNg.test.InvocationCountTest"/>
  <testcase name="sum" time="0.001" classname="com.TestNg.test.InvocationCountTest"/>
  <testcase name="sum" time="0.001" classname="com.TestNg.test.InvocationCountTest"/>
  <testcase name="sum" time="0.001" classname="com.TestNg.test.InvocationCountTest"/>
  <testcase name="sum" time="0.001" classname="com.TestNg.test.InvocationCountTest"/>
  <testcase name="sum" time="0.007" classname="com.TestNg.test.InvocationCountTest"/>
  <testcase name="test1" time="0.001" classname="com.TestNg.test.ExceptionTimeOutTest"/>
</testsuite> <!-- TestNg -->
